<?xml version="1.0" encoding="utf-8"?><testsuites><testsuite name="pytest" errors="0" failures="0" skipped="0" tests="3" time="0.605" timestamp="2024-03-19T15:33:05.043232" hostname="58c189337fdc"><testcase classname="tests.test_prediction" name="test_single_pred_not_none" time="0.016" /><testcase classname="tests.test_prediction" name="test_single_pred_str_type" time="0.016" /><testcase classname="tests.test_prediction" name="test_single_pred_validate" time="0.016" /></testsuite></testsuites>